<?xml version="1.0" encoding="UTF-8"?>
<testsuite xmlns:xsi="http://www.w3.org/2001/XMLSchema-instance" xsi:noNamespaceSchemaLocation="https://maven.apache.org/surefire/maven-surefire-plugin/xsd/surefire-test-report.xsd" name="Runner.TestRunner" time="105.68" tests="12" errors="0" skipped="0" failures="0">
  <properties>
[...]
</properties>
  <testcase name="runScenario" classname="Runner.TestRunner" time="4.801"/>
  <testcase name="runScenario" classname="Runner.TestRunner" time="6.225"/>
  <testcase name="runScenario" classname="Runner.TestRunner" time="8.466"/>
  <testcase name="runScenario" classname="Runner.TestRunner" time="4.086"/>
  <testcase name="runScenario" classname="Runner.TestRunner" time="8.691"/>
  <testcase name="runScenario" classname="Runner.TestRunner" time="4.984"/>
  <testcase name="runScenario" classname="Runner.TestRunner" time="4.191"/>
  <testcase name="runScenario" classname="Runner.TestRunner" time="7.138"/>
  <testcase name="runScenario" classname="Runner.TestRunner" time="16.009"/>
  <testcase name="runScenario" classname="Runner.TestRunner" time="9.451"/>
  <testcase name="runScenario" classname="Runner.TestRunner" time="1.599"/>
  <testcase name="runScenario" classname="Runner.TestRunner" time="21.861"/>
</testsuite>